# JRE version: OpenJDK Runtime Environment (8.0_202-b03) (build 1.8.0_202-release-1483-b03)
# Java VM: OpenJDK 64-Bit Server VM (25.202-b03 mixed mode windows-amd64 compressed oops)
Heap:
 PSYoungGen      total 421888K, used 64658K [0x00000000e0000000, 0x00000000ffc80000, 0x0000000100000000)
  eden space 375296K, 15% used [0x00000000e0000000,0x00000000e3887ae0,0x00000000f6e80000)
  from space 46592K, 14% used [0x00000000f6e80000,0x00000000f751d018,0x00000000f9c00000)
  to   space 46080K, 0% used [0x00000000fcf80000,0x00000000fcf80000,0x00000000ffc80000)
 ParOldGen       total 192000K, used 80034K [0x00000000a0000000, 0x00000000abb80000, 0x00000000e0000000)
  object space 192000K, 41% used [0x00000000a0000000,0x00000000a4e28b40,0x00000000abb80000)
 Metaspace       used 102454K, capacity 108028K, committed 108312K, reserved 1142784K
  class space    used 12950K, capacity 13969K, committed 14104K, reserved 1048576K
GC Heap History (10 events):
Event: 522.241 GC heap before
{Heap before GC invocations=29 (full 3):
 PSYoungGen      total 317440K, used 316490K [0x00000000e0000000, 0x00000000f9000000, 0x0000000100000000)
  eden space 280576K, 100% used [0x00000000e0000000,0x00000000f1200000,0x00000000f1200000)
  from space 36864K, 97% used [0x00000000f1200000,0x00000000f3512858,0x00000000f3600000)
  to   space 42496K, 0% used [0x00000000f6680000,0x00000000f6680000,0x00000000f9000000)
 ParOldGen       total 123904K, used 56484K [0x00000000a0000000, 0x00000000a7900000, 0x00000000e0000000)
  object space 123904K, 45% used [0x00000000a0000000,0x00000000a3729040,0x00000000a7900000)
 Metaspace       used 87555K, capacity 91892K, committed 92184K, reserved 1130496K
  class space    used 11152K, capacity 11987K, committed 12056K, reserved 1048576K
Event: 522.497 GC heap after
Heap after GC invocations=29 (full 3):
 PSYoungGen      total 357376K, used 42485K [0x00000000e0000000, 0x00000000fa380000, 0x0000000100000000)
  eden space 314880K, 0% used [0x00000000e0000000,0x00000000e0000000,0x00000000f3380000)
  from space 42496K, 99% used [0x00000000f6680000,0x00000000f8ffd6b0,0x00000000f9000000)
  to   space 52224K, 0% used [0x00000000f3380000,0x00000000f3380000,0x00000000f6680000)
 ParOldGen       total 123904K, used 63797K [0x00000000a0000000, 0x00000000a7900000, 0x00000000e0000000)
  object space 123904K, 51% used [0x00000000a0000000,0x00000000a3e4d688,0x00000000a7900000)
 Metaspace       used 87555K, capacity 91892K, committed 92184K, reserved 1130496K
  class space    used 11152K, capacity 11987K, committed 12056K, reserved 1048576K
}
Event: 523.428 GC heap before
{Heap before GC invocations=30 (full 3):
 PSYoungGen      total 357376K, used 112651K [0x00000000e0000000, 0x00000000fa380000, 0x0000000100000000)
  eden space 314880K, 22% used [0x00000000e0000000,0x00000000e4485898,0x00000000f3380000)
  from space 42496K, 99% used [0x00000000f6680000,0x00000000f8ffd6b0,0x00000000f9000000)
  to   space 52224K, 0% used [0x00000000f3380000,0x00000000f3380000,0x00000000f6680000)
 ParOldGen       total 123904K, used 63797K [0x00000000a0000000, 0x00000000a7900000, 0x00000000e0000000)
  object space 123904K, 51% used [0x00000000a0000000,0x00000000a3e4d688,0x00000000a7900000)
 Metaspace       used 93415K, capacity 98440K, committed 98584K, reserved 1134592K
  class space    used 11997K, capacity 12963K, committed 13080K, reserved 1048576K
Event: 523.451 GC heap after
Heap after GC invocations=30 (full 3):
 PSYoungGen      total 367104K, used 19971K [0x00000000e0000000, 0x00000000fcc00000, 0x0000000100000000)
  eden space 314880K, 0% used [0x00000000e0000000,0x00000000e0000000,0x00000000f3380000)
  from space 52224K, 38% used [0x00000000f3380000,0x00000000f4700f18,0x00000000f6680000)
  to   space 49152K, 0% used [0x00000000f9c00000,0x00000000f9c00000,0x00000000fcc00000)
 ParOldGen       total 123904K, used 76846K [0x00000000a0000000, 0x00000000a7900000, 0x00000000e0000000)
  object space 123904K, 62% used [0x00000000a0000000,0x00000000a4b0bbb8,0x00000000a7900000)
 Metaspace       used 93415K, capacity 98440K, committed 98584K, reserved 1134592K
  class space    used 11997K, capacity 12963K, committed 13080K, reserved 1048576K
}
Event: 523.451 GC heap before
{Heap before GC invocations=31 (full 4):
 PSYoungGen      total 367104K, used 19971K [0x00000000e0000000, 0x00000000fcc00000, 0x0000000100000000)
  eden space 314880K, 0% used [0x00000000e0000000,0x00000000e0000000,0x00000000f3380000)
  from space 52224K, 38% used [0x00000000f3380000,0x00000000f4700f18,0x00000000f6680000)
  to   space 49152K, 0% used [0x00000000f9c00000,0x00000000f9c00000,0x00000000fcc00000)
 ParOldGen       total 123904K, used 76846K [0x00000000a0000000, 0x00000000a7900000, 0x00000000e0000000)
  object space 123904K, 62% used [0x00000000a0000000,0x00000000a4b0bbb8,0x00000000a7900000)
 Metaspace       used 93415K, capacity 98440K, committed 98584K, reserved 1134592K
  class space    used 11997K, capacity 12963K, committed 13080K, reserved 1048576K
Event: 524.167 GC heap after
Heap after GC invocations=31 (full 4):
 PSYoungGen      total 367104K, used 0K [0x00000000e0000000, 0x00000000fcc00000, 0x0000000100000000)
  eden space 314880K, 0% used [0x00000000e0000000,0x00000000e0000000,0x00000000f3380000)
  from space 52224K, 0% used [0x00000000f3380000,0x00000000f3380000,0x00000000f6680000)
  to   space 49152K, 0% used [0x00000000f9c00000,0x00000000f9c00000,0x00000000fcc00000)
 ParOldGen       total 192000K, used 75882K [0x00000000a0000000, 0x00000000abb80000, 0x00000000e0000000)
  object space 192000K, 39% used [0x00000000a0000000,0x00000000a4a1a958,0x00000000abb80000)
 Metaspace       used 92947K, capacity 97208K, committed 98584K, reserved 1134592K
  class space    used 11845K, capacity 12697K, committed 13080K, reserved 1048576K
}
Event: 529.044 GC heap before
{Heap before GC invocations=32 (full 4):
 PSYoungGen      total 367104K, used 314880K [0x00000000e0000000, 0x00000000fcc00000, 0x0000000100000000)
  eden space 314880K, 100% used [0x00000000e0000000,0x00000000f3380000,0x00000000f3380000)
  from space 52224K, 0% used [0x00000000f3380000,0x00000000f3380000,0x00000000f6680000)
  to   space 49152K, 0% used [0x00000000f9c00000,0x00000000f9c00000,0x00000000fcc00000)
 ParOldGen       total 192000K, used 75882K [0x00000000a0000000, 0x00000000abb80000, 0x00000000e0000000)
  object space 192000K, 39% used [0x00000000a0000000,0x00000000a4a1a958,0x00000000abb80000)
 Metaspace       used 98968K, capacity 104342K, committed 104472K, reserved 1140736K
  class space    used 12535K, capacity 13530K, committed 13592K, reserved 1048576K
Event: 529.244 GC heap after
Heap after GC invocations=32 (full 4):
 PSYoungGen      total 424448K, used 17389K [0x00000000e0000000, 0x00000000fcf80000, 0x0000000100000000)
  eden space 375296K, 0% used [0x00000000e0000000,0x00000000e0000000,0x00000000f6e80000)
  from space 49152K, 35% used [0x00000000f9c00000,0x00000000facfb420,0x00000000fcc00000)
  to   space 46592K, 0% used [0x00000000f6e80000,0x00000000f6e80000,0x00000000f9c00000)
 ParOldGen       total 192000K, used 75890K [0x00000000a0000000, 0x00000000abb80000, 0x00000000e0000000)
  object space 192000K, 39% used [0x00000000a0000000,0x00000000a4a1c958,0x00000000abb80000)
 Metaspace       used 98968K, capacity 104342K, committed 104472K, reserved 1140736K
  class space    used 12535K, capacity 13530K, committed 13592K, reserved 1048576K
}
Event: 705.632 GC heap before
{Heap before GC invocations=33 (full 4):
 PSYoungGen      total 424448K, used 392685K [0x00000000e0000000, 0x00000000fcf80000, 0x0000000100000000)
  eden space 375296K, 100% used [0x00000000e0000000,0x00000000f6e80000,0x00000000f6e80000)
  from space 49152K, 35% used [0x00000000f9c00000,0x00000000facfb420,0x00000000fcc00000)
  to   space 46592K, 0% used [0x00000000f6e80000,0x00000000f6e80000,0x00000000f9c00000)
 ParOldGen       total 192000K, used 75890K [0x00000000a0000000, 0x00000000abb80000, 0x00000000e0000000)
  object space 192000K, 39% used [0x00000000a0000000,0x00000000a4a1c958,0x00000000abb80000)
 Metaspace       used 102315K, capacity 107904K, committed 107928K, reserved 1142784K
  class space    used 12942K, capacity 13959K, committed 13976K, reserved 1048576K
Event: 705.716 GC heap after
Heap after GC invocations=33 (full 4):
 PSYoungGen      total 421888K, used 6772K [0x00000000e0000000, 0x00000000ffc80000, 0x0000000100000000)
  eden space 375296K, 0% used [0x00000000e0000000,0x00000000e0000000,0x00000000f6e80000)
  from space 46592K, 14% used [0x00000000f6e80000,0x00000000f751d018,0x00000000f9c00000)
  to   space 46080K, 0% used [0x00000000fcf80000,0x00000000fcf80000,0x00000000ffc80000)
 ParOldGen       total 192000K, used 80034K [0x00000000a0000000, 0x00000000abb80000, 0x00000000e0000000)
  object space 192000K, 41% used [0x00000000a0000000,0x00000000a4e28b40,0x00000000abb80000)
 Metaspace       used 102315K, capacity 107904K, committed 107928K, reserved 1142784K
  class space    used 12942K, capacity 13959K, committed 13976K, reserved 1048576K
}

