# JRE version: OpenJDK Runtime Environment (8.0_202-b03) (build 1.8.0_202-release-1483-b03)
# Java VM: OpenJDK 64-Bit Server VM (25.202-b03 mixed mode windows-amd64 compressed oops)
Heap:
 PSYoungGen      total 168960K, used 92158K [0x00000000e0000000, 0x00000000ed400000, 0x0000000100000000)
  eden space 155648K, 50% used [0x00000000e0000000,0x00000000e4d01600,0x00000000e9800000)
  from space 13312K, 99% used [0x00000000e9800000,0x00000000ea4fe3a0,0x00000000ea500000)
  to   space 16896K, 0% used [0x00000000ec380000,0x00000000ec380000,0x00000000ed400000)
 ParOldGen       total 100352K, used 20972K [0x00000000a0000000, 0x00000000a6200000, 0x00000000e0000000)
  object space 100352K, 20% used [0x00000000a0000000,0x00000000a147b380,0x00000000a6200000)
 Metaspace       used 56726K, capacity 58112K, committed 58280K, reserved 1099776K
  class space    used 7636K, capacity 8021K, committed 8104K, reserved 1048576K
GC Heap History (10 events):
Event: 2.795 GC heap before
{Heap before GC invocations=7 (full 1):
 PSYoungGen      total 70656K, used 65536K [0x00000000e0000000, 0x00000000e9700000, 0x0000000100000000)
  eden space 65536K, 100% used [0x00000000e0000000,0x00000000e4000000,0x00000000e4000000)
  from space 5120K, 0% used [0x00000000e4000000,0x00000000e4000000,0x00000000e4500000)
  to   space 11776K, 0% used [0x00000000e8b80000,0x00000000e8b80000,0x00000000e9700000)
 ParOldGen       total 64000K, used 10750K [0x00000000a0000000, 0x00000000a3e80000, 0x00000000e0000000)
  object space 64000K, 16% used [0x00000000a0000000,0x00000000a0a7f9e8,0x00000000a3e80000)
 Metaspace       used 28580K, capacity 29110K, committed 29440K, reserved 1075200K
  class space    used 3853K, capacity 4034K, committed 4096K, reserved 1048576K
Event: 2.803 GC heap after
Heap after GC invocations=7 (full 1):
 PSYoungGen      total 109568K, used 7705K [0x00000000e0000000, 0x00000000e9380000, 0x0000000100000000)
  eden space 101376K, 0% used [0x00000000e0000000,0x00000000e0000000,0x00000000e6300000)
  from space 8192K, 94% used [0x00000000e8b80000,0x00000000e93064b0,0x00000000e9380000)
  to   space 11776K, 0% used [0x00000000e7c80000,0x00000000e7c80000,0x00000000e8800000)
 ParOldGen       total 64000K, used 10758K [0x00000000a0000000, 0x00000000a3e80000, 0x00000000e0000000)
  object space 64000K, 16% used [0x00000000a0000000,0x00000000a0a819e8,0x00000000a3e80000)
 Metaspace       used 28580K, capacity 29110K, committed 29440K, reserved 1075200K
  class space    used 3853K, capacity 4034K, committed 4096K, reserved 1048576K
}
Event: 3.896 GC heap before
{Heap before GC invocations=8 (full 1):
 PSYoungGen      total 109568K, used 109081K [0x00000000e0000000, 0x00000000e9380000, 0x0000000100000000)
  eden space 101376K, 100% used [0x00000000e0000000,0x00000000e6300000,0x00000000e6300000)
  from space 8192K, 94% used [0x00000000e8b80000,0x00000000e93064b0,0x00000000e9380000)
  to   space 11776K, 0% used [0x00000000e7c80000,0x00000000e7c80000,0x00000000e8800000)
 ParOldGen       total 64000K, used 10758K [0x00000000a0000000, 0x00000000a3e80000, 0x00000000e0000000)
  object space 64000K, 16% used [0x00000000a0000000,0x00000000a0a819e8,0x00000000a3e80000)
 Metaspace       used 33517K, capacity 34182K, committed 34304K, reserved 1079296K
  class space    used 4618K, capacity 4820K, committed 4864K, reserved 1048576K
Event: 3.912 GC heap after
Heap after GC invocations=8 (full 1):
 PSYoungGen      total 139264K, used 11376K [0x00000000e0000000, 0x00000000eb200000, 0x0000000100000000)
  eden space 127488K, 0% used [0x00000000e0000000,0x00000000e0000000,0x00000000e7c80000)
  from space 11776K, 96% used [0x00000000e7c80000,0x00000000e879c010,0x00000000e8800000)
  to   space 13312K, 0% used [0x00000000ea500000,0x00000000ea500000,0x00000000eb200000)
 ParOldGen       total 64000K, used 10766K [0x00000000a0000000, 0x00000000a3e80000, 0x00000000e0000000)
  object space 64000K, 16% used [0x00000000a0000000,0x00000000a0a839e8,0x00000000a3e80000)
 Metaspace       used 33517K, capacity 34182K, committed 34304K, reserved 1079296K
  class space    used 4618K, capacity 4820K, committed 4864K, reserved 1048576K
}
Event: 4.423 GC heap before
{Heap before GC invocations=9 (full 1):
 PSYoungGen      total 139264K, used 30339K [0x00000000e0000000, 0x00000000eb200000, 0x0000000100000000)
  eden space 127488K, 14% used [0x00000000e0000000,0x00000000e1284d50,0x00000000e7c80000)
  from space 11776K, 96% used [0x00000000e7c80000,0x00000000e879c010,0x00000000e8800000)
  to   space 13312K, 0% used [0x00000000ea500000,0x00000000ea500000,0x00000000eb200000)
 ParOldGen       total 64000K, used 10766K [0x00000000a0000000, 0x00000000a3e80000, 0x00000000e0000000)
  object space 64000K, 16% used [0x00000000a0000000,0x00000000a0a839e8,0x00000000a3e80000)
 Metaspace       used 34715K, capacity 35444K, committed 35496K, reserved 1079296K
  class space    used 4794K, capacity 5005K, committed 5032K, reserved 1048576K
Event: 4.442 GC heap after
Heap after GC invocations=9 (full 1):
 PSYoungGen      total 168960K, used 9031K [0x00000000e0000000, 0x00000000ee100000, 0x0000000100000000)
  eden space 155648K, 0% used [0x00000000e0000000,0x00000000e0000000,0x00000000e9800000)
  from space 13312K, 67% used [0x00000000ea500000,0x00000000eadd1e20,0x00000000eb200000)
  to   space 13312K, 0% used [0x00000000e9800000,0x00000000e9800000,0x00000000ea500000)
 ParOldGen       total 64000K, used 10774K [0x00000000a0000000, 0x00000000a3e80000, 0x00000000e0000000)
  object space 64000K, 16% used [0x00000000a0000000,0x00000000a0a859e8,0x00000000a3e80000)
 Metaspace       used 34715K, capacity 35444K, committed 35496K, reserved 1079296K
  class space    used 4794K, capacity 5005K, committed 5032K, reserved 1048576K
}
Event: 4.442 GC heap before
{Heap before GC invocations=10 (full 2):
 PSYoungGen      total 168960K, used 9031K [0x00000000e0000000, 0x00000000ee100000, 0x0000000100000000)
  eden space 155648K, 0% used [0x00000000e0000000,0x00000000e0000000,0x00000000e9800000)
  from space 13312K, 67% used [0x00000000ea500000,0x00000000eadd1e20,0x00000000eb200000)
  to   space 13312K, 0% used [0x00000000e9800000,0x00000000e9800000,0x00000000ea500000)
 ParOldGen       total 64000K, used 10774K [0x00000000a0000000, 0x00000000a3e80000, 0x00000000e0000000)
  object space 64000K, 16% used [0x00000000a0000000,0x00000000a0a859e8,0x00000000a3e80000)
 Metaspace       used 34715K, capacity 35444K, committed 35496K, reserved 1079296K
  class space    used 4794K, capacity 5005K, committed 5032K, reserved 1048576K
Event: 4.612 GC heap after
Heap after GC invocations=10 (full 2):
 PSYoungGen      total 168960K, used 0K [0x00000000e0000000, 0x00000000ee100000, 0x0000000100000000)
  eden space 155648K, 0% used [0x00000000e0000000,0x00000000e0000000,0x00000000e9800000)
  from space 13312K, 0% used [0x00000000ea500000,0x00000000ea500000,0x00000000eb200000)
  to   space 13312K, 0% used [0x00000000e9800000,0x00000000e9800000,0x00000000ea500000)
 ParOldGen       total 100352K, used 15878K [0x00000000a0000000, 0x00000000a6200000, 0x00000000e0000000)
  object space 100352K, 15% used [0x00000000a0000000,0x00000000a0f81878,0x00000000a6200000)
 Metaspace       used 34685K, capacity 35342K, committed 35496K, reserved 1079296K
  class space    used 4785K, capacity 4988K, committed 5032K, reserved 1048576K
}
Event: 6.974 GC heap before
{Heap before GC invocations=11 (full 2):
 PSYoungGen      total 168960K, used 155648K [0x00000000e0000000, 0x00000000ee100000, 0x0000000100000000)
  eden space 155648K, 100% used [0x00000000e0000000,0x00000000e9800000,0x00000000e9800000)
  from space 13312K, 0% used [0x00000000ea500000,0x00000000ea500000,0x00000000eb200000)
  to   space 13312K, 0% used [0x00000000e9800000,0x00000000e9800000,0x00000000ea500000)
 ParOldGen       total 100352K, used 15878K [0x00000000a0000000, 0x00000000a6200000, 0x00000000e0000000)
  object space 100352K, 15% used [0x00000000a0000000,0x00000000a0f81878,0x00000000a6200000)
 Metaspace       used 47972K, capacity 49064K, committed 49320K, reserved 1091584K
  class space    used 6514K, capacity 6813K, committed 6824K, reserved 1048576K
Event: 6.987 GC heap after
Heap after GC invocations=11 (full 2):
 PSYoungGen      total 168960K, used 13304K [0x00000000e0000000, 0x00000000ed400000, 0x0000000100000000)
  eden space 155648K, 0% used [0x00000000e0000000,0x00000000e0000000,0x00000000e9800000)
  from space 13312K, 99% used [0x00000000e9800000,0x00000000ea4fe3a0,0x00000000ea500000)
  to   space 16896K, 0% used [0x00000000ec380000,0x00000000ec380000,0x00000000ed400000)
 ParOldGen       total 100352K, used 20972K [0x00000000a0000000, 0x00000000a6200000, 0x00000000e0000000)
  object space 100352K, 20% used [0x00000000a0000000,0x00000000a147b380,0x00000000a6200000)
 Metaspace       used 47972K, capacity 49064K, committed 49320K, reserved 1091584K
  class space    used 6514K, capacity 6813K, committed 6824K, reserved 1048576K
}

