# JRE version: OpenJDK Runtime Environment (8.0_202-b03) (build 1.8.0_202-release-1483-b03)
# Java VM: OpenJDK 64-Bit Server VM (25.202-b03 mixed mode windows-amd64 compressed oops)
Heap:
 PSYoungGen      total 70656K, used 37448K [0x00000000d6200000, 0x00000000dd080000, 0x0000000100000000)
  eden space 65536K, 57% used [0x00000000d6200000,0x00000000d8692158,0x00000000da200000)
  from space 5120K, 0% used [0x00000000da200000,0x00000000da200000,0x00000000da700000)
  to   space 5120K, 0% used [0x00000000da700000,0x00000000da700000,0x00000000dac00000)
 ParOldGen       total 59904K, used 18205K [0x0000000082600000, 0x0000000086080000, 0x00000000d6200000)
  object space 59904K, 30% used [0x0000000082600000,0x00000000837c7470,0x0000000086080000)
 Metaspace       used 36489K, capacity 36969K, committed 37464K, reserved 1081344K
  class space    used 4612K, capacity 4763K, committed 4864K, reserved 1048576K
GC Heap History (10 events):
Event: 1.136 GC heap before
{Heap before GC invocations=3 (full 0):
 PSYoungGen      total 70656K, used 19911K [0x00000000d6200000, 0x00000000dac00000, 0x0000000100000000)
  eden space 65536K, 22% used [0x00000000d6200000,0x00000000d7079f90,0x00000000da200000)
  from space 5120K, 99% used [0x00000000da700000,0x00000000dabf8030,0x00000000dac00000)
  to   space 5120K, 0% used [0x00000000da200000,0x00000000da200000,0x00000000da700000)
 ParOldGen       total 86016K, used 7848K [0x0000000082600000, 0x0000000087a00000, 0x00000000d6200000)
  object space 86016K, 9% used [0x0000000082600000,0x0000000082daa158,0x0000000087a00000)
 Metaspace       used 20719K, capacity 20992K, committed 21248K, reserved 1067008K
  class space    used 2652K, capacity 2748K, committed 2816K, reserved 1048576K
Event: 1.141 GC heap after
Heap after GC invocations=3 (full 0):
 PSYoungGen      total 70656K, used 5104K [0x00000000d6200000, 0x00000000dac00000, 0x0000000100000000)
  eden space 65536K, 0% used [0x00000000d6200000,0x00000000d6200000,0x00000000da200000)
  from space 5120K, 99% used [0x00000000da200000,0x00000000da6fc020,0x00000000da700000)
  to   space 5120K, 0% used [0x00000000da700000,0x00000000da700000,0x00000000dac00000)
 ParOldGen       total 86016K, used 10550K [0x0000000082600000, 0x0000000087a00000, 0x00000000d6200000)
  object space 86016K, 12% used [0x0000000082600000,0x000000008304da18,0x0000000087a00000)
 Metaspace       used 20719K, capacity 20992K, committed 21248K, reserved 1067008K
  class space    used 2652K, capacity 2748K, committed 2816K, reserved 1048576K
}
Event: 1.141 GC heap before
{Heap before GC invocations=4 (full 1):
 PSYoungGen      total 70656K, used 5104K [0x00000000d6200000, 0x00000000dac00000, 0x0000000100000000)
  eden space 65536K, 0% used [0x00000000d6200000,0x00000000d6200000,0x00000000da200000)
  from space 5120K, 99% used [0x00000000da200000,0x00000000da6fc020,0x00000000da700000)
  to   space 5120K, 0% used [0x00000000da700000,0x00000000da700000,0x00000000dac00000)
 ParOldGen       total 86016K, used 10550K [0x0000000082600000, 0x0000000087a00000, 0x00000000d6200000)
  object space 86016K, 12% used [0x0000000082600000,0x000000008304da18,0x0000000087a00000)
 Metaspace       used 20719K, capacity 20992K, committed 21248K, reserved 1067008K
  class space    used 2652K, capacity 2748K, committed 2816K, reserved 1048576K
Event: 1.161 GC heap after
Heap after GC invocations=4 (full 1):
 PSYoungGen      total 70656K, used 0K [0x00000000d6200000, 0x00000000dac00000, 0x0000000100000000)
  eden space 65536K, 0% used [0x00000000d6200000,0x00000000d6200000,0x00000000da200000)
  from space 5120K, 0% used [0x00000000da200000,0x00000000da200000,0x00000000da700000)
  to   space 5120K, 0% used [0x00000000da700000,0x00000000da700000,0x00000000dac00000)
 ParOldGen       total 59904K, used 7773K [0x0000000082600000, 0x0000000086080000, 0x00000000d6200000)
  object space 59904K, 12% used [0x0000000082600000,0x0000000082d97410,0x0000000086080000)
 Metaspace       used 20719K, capacity 20992K, committed 21248K, reserved 1067008K
  class space    used 2652K, capacity 2748K, committed 2816K, reserved 1048576K
}
Event: 1.947 GC heap before
{Heap before GC invocations=5 (full 1):
 PSYoungGen      total 70656K, used 65536K [0x00000000d6200000, 0x00000000dac00000, 0x0000000100000000)
  eden space 65536K, 100% used [0x00000000d6200000,0x00000000da200000,0x00000000da200000)
  from space 5120K, 0% used [0x00000000da200000,0x00000000da200000,0x00000000da700000)
  to   space 5120K, 0% used [0x00000000da700000,0x00000000da700000,0x00000000dac00000)
 ParOldGen       total 59904K, used 7773K [0x0000000082600000, 0x0000000086080000, 0x00000000d6200000)
  object space 59904K, 12% used [0x0000000082600000,0x0000000082d97410,0x0000000086080000)
 Metaspace       used 30043K, capacity 30500K, committed 30720K, reserved 1075200K
  class space    used 3862K, capacity 4028K, committed 4096K, reserved 1048576K
Event: 1.962 GC heap after
Heap after GC invocations=5 (full 1):
 PSYoungGen      total 70656K, used 5110K [0x00000000d6200000, 0x00000000dd080000, 0x0000000100000000)
  eden space 65536K, 0% used [0x00000000d6200000,0x00000000d6200000,0x00000000da200000)
  from space 5120K, 99% used [0x00000000da700000,0x00000000dabfd928,0x00000000dac00000)
  to   space 5120K, 0% used [0x00000000da200000,0x00000000da200000,0x00000000da700000)
 ParOldGen       total 59904K, used 19380K [0x0000000082600000, 0x0000000086080000, 0x00000000d6200000)
  object space 59904K, 32% used [0x0000000082600000,0x00000000838ed020,0x0000000086080000)
 Metaspace       used 30043K, capacity 30500K, committed 30720K, reserved 1075200K
  class space    used 3862K, capacity 4028K, committed 4096K, reserved 1048576K
}
Event: 2.261 GC heap before
{Heap before GC invocations=6 (full 1):
 PSYoungGen      total 70656K, used 32899K [0x00000000d6200000, 0x00000000dd080000, 0x0000000100000000)
  eden space 65536K, 42% used [0x00000000d6200000,0x00000000d7d234d8,0x00000000da200000)
  from space 5120K, 99% used [0x00000000da700000,0x00000000dabfd928,0x00000000dac00000)
  to   space 5120K, 0% used [0x00000000da200000,0x00000000da200000,0x00000000da700000)
 ParOldGen       total 59904K, used 19380K [0x0000000082600000, 0x0000000086080000, 0x00000000d6200000)
  object space 59904K, 32% used [0x0000000082600000,0x00000000838ed020,0x0000000086080000)
 Metaspace       used 34703K, capacity 35196K, committed 35416K, reserved 1081344K
  class space    used 4456K, capacity 4600K, committed 4608K, reserved 1048576K
Event: 2.270 GC heap after
Heap after GC invocations=6 (full 1):
 PSYoungGen      total 70656K, used 5110K [0x00000000d6200000, 0x00000000dd080000, 0x0000000100000000)
  eden space 65536K, 0% used [0x00000000d6200000,0x00000000d6200000,0x00000000da200000)
  from space 5120K, 99% used [0x00000000da200000,0x00000000da6fd928,0x00000000da700000)
  to   space 5120K, 0% used [0x00000000da700000,0x00000000da700000,0x00000000dac00000)
 ParOldGen       total 59904K, used 25325K [0x0000000082600000, 0x0000000086080000, 0x00000000d6200000)
  object space 59904K, 42% used [0x0000000082600000,0x0000000083ebb4f8,0x0000000086080000)
 Metaspace       used 34703K, capacity 35196K, committed 35416K, reserved 1081344K
  class space    used 4456K, capacity 4600K, committed 4608K, reserved 1048576K
}
Event: 2.270 GC heap before
{Heap before GC invocations=7 (full 2):
 PSYoungGen      total 70656K, used 5110K [0x00000000d6200000, 0x00000000dd080000, 0x0000000100000000)
  eden space 65536K, 0% used [0x00000000d6200000,0x00000000d6200000,0x00000000da200000)
  from space 5120K, 99% used [0x00000000da200000,0x00000000da6fd928,0x00000000da700000)
  to   space 5120K, 0% used [0x00000000da700000,0x00000000da700000,0x00000000dac00000)
 ParOldGen       total 59904K, used 25325K [0x0000000082600000, 0x0000000086080000, 0x00000000d6200000)
  object space 59904K, 42% used [0x0000000082600000,0x0000000083ebb4f8,0x0000000086080000)
 Metaspace       used 34703K, capacity 35196K, committed 35416K, reserved 1081344K
  class space    used 4456K, capacity 4600K, committed 4608K, reserved 1048576K
Event: 2.327 GC heap after
Heap after GC invocations=7 (full 2):
 PSYoungGen      total 70656K, used 0K [0x00000000d6200000, 0x00000000dd080000, 0x0000000100000000)
  eden space 65536K, 0% used [0x00000000d6200000,0x00000000d6200000,0x00000000da200000)
  from space 5120K, 0% used [0x00000000da200000,0x00000000da200000,0x00000000da700000)
  to   space 5120K, 0% used [0x00000000da700000,0x00000000da700000,0x00000000dac00000)
 ParOldGen       total 59904K, used 18205K [0x0000000082600000, 0x0000000086080000, 0x00000000d6200000)
  object space 59904K, 30% used [0x0000000082600000,0x00000000837c7470,0x0000000086080000)
 Metaspace       used 34703K, capacity 35196K, committed 35416K, reserved 1081344K
  class space    used 4456K, capacity 4600K, committed 4608K, reserved 1048576K
}

