# JRE version: OpenJDK Runtime Environment (8.0_202-b03) (build 1.8.0_202-release-1483-b03)
# Java VM: OpenJDK 64-Bit Server VM (25.202-b03 mixed mode windows-amd64 compressed oops)
Heap:
 PSYoungGen      total 220672K, used 122276K [0x00000000e0000000, 0x00000000f1780000, 0x0000000100000000)
  eden space 201728K, 51% used [0x00000000e0000000,0x00000000e64eead0,0x00000000ec500000)
  from space 18944K, 99% used [0x00000000ec500000,0x00000000ed77a658,0x00000000ed780000)
  to   space 24064K, 0% used [0x00000000f0000000,0x00000000f0000000,0x00000000f1780000)
 ParOldGen       total 128000K, used 48158K [0x00000000a0000000, 0x00000000a7d00000, 0x00000000e0000000)
  object space 128000K, 37% used [0x00000000a0000000,0x00000000a2f07a60,0x00000000a7d00000)
 Metaspace       used 77337K, capacity 80504K, committed 80792K, reserved 1120256K
  class space    used 10186K, capacity 10826K, committed 10904K, reserved 1048576K
GC Heap History (10 events):
Event: 6.788 GC heap before
{Heap before GC invocations=14 (full 2):
 PSYoungGen      total 151552K, used 32339K [0x00000000e0000000, 0x00000000ec080000, 0x0000000100000000)
  eden space 137216K, 13% used [0x00000000e0000000,0x00000000e11b9380,0x00000000e8600000)
  from space 14336K, 98% used [0x00000000e8600000,0x00000000e93dbb08,0x00000000e9400000)
  to   space 15872K, 0% used [0x00000000eb100000,0x00000000eb100000,0x00000000ec080000)
 ParOldGen       total 90112K, used 26025K [0x00000000a0000000, 0x00000000a5800000, 0x00000000e0000000)
  object space 90112K, 28% used [0x00000000a0000000,0x00000000a196a5d8,0x00000000a5800000)
 Metaspace       used 57588K, capacity 59026K, committed 59160K, reserved 1099776K
  class space    used 7765K, capacity 8152K, committed 8216K, reserved 1048576K
Event: 6.793 GC heap after
Heap after GC invocations=14 (full 2):
 PSYoungGen      total 181760K, used 8087K [0x00000000e0000000, 0x00000000ecd80000, 0x0000000100000000)
  eden space 165888K, 0% used [0x00000000e0000000,0x00000000e0000000,0x00000000ea200000)
  from space 15872K, 50% used [0x00000000eb100000,0x00000000eb8e5d80,0x00000000ec080000)
  to   space 15360K, 0% used [0x00000000ea200000,0x00000000ea200000,0x00000000eb100000)
 ParOldGen       total 90112K, used 26033K [0x00000000a0000000, 0x00000000a5800000, 0x00000000e0000000)
  object space 90112K, 28% used [0x00000000a0000000,0x00000000a196c5d8,0x00000000a5800000)
 Metaspace       used 57588K, capacity 59026K, committed 59160K, reserved 1099776K
  class space    used 7765K, capacity 8152K, committed 8216K, reserved 1048576K
}
Event: 6.793 GC heap before
{Heap before GC invocations=15 (full 3):
 PSYoungGen      total 181760K, used 8087K [0x00000000e0000000, 0x00000000ecd80000, 0x0000000100000000)
  eden space 165888K, 0% used [0x00000000e0000000,0x00000000e0000000,0x00000000ea200000)
  from space 15872K, 50% used [0x00000000eb100000,0x00000000eb8e5d80,0x00000000ec080000)
  to   space 15360K, 0% used [0x00000000ea200000,0x00000000ea200000,0x00000000eb100000)
 ParOldGen       total 90112K, used 26033K [0x00000000a0000000, 0x00000000a5800000, 0x00000000e0000000)
  object space 90112K, 28% used [0x00000000a0000000,0x00000000a196c5d8,0x00000000a5800000)
 Metaspace       used 57588K, capacity 59026K, committed 59160K, reserved 1099776K
  class space    used 7765K, capacity 8152K, committed 8216K, reserved 1048576K
Event: 6.990 GC heap after
Heap after GC invocations=15 (full 3):
 PSYoungGen      total 181760K, used 0K [0x00000000e0000000, 0x00000000ecd80000, 0x0000000100000000)
  eden space 165888K, 0% used [0x00000000e0000000,0x00000000e0000000,0x00000000ea200000)
  from space 15872K, 0% used [0x00000000eb100000,0x00000000eb100000,0x00000000ec080000)
  to   space 15360K, 0% used [0x00000000ea200000,0x00000000ea200000,0x00000000eb100000)
 ParOldGen       total 128000K, used 29214K [0x00000000a0000000, 0x00000000a7d00000, 0x00000000e0000000)
  object space 128000K, 22% used [0x00000000a0000000,0x00000000a1c87a90,0x00000000a7d00000)
 Metaspace       used 57588K, capacity 59026K, committed 59160K, reserved 1099776K
  class space    used 7765K, capacity 8152K, committed 8216K, reserved 1048576K
}
Event: 8.154 GC heap before
{Heap before GC invocations=16 (full 3):
 PSYoungGen      total 181760K, used 165888K [0x00000000e0000000, 0x00000000ecd80000, 0x0000000100000000)
  eden space 165888K, 100% used [0x00000000e0000000,0x00000000ea200000,0x00000000ea200000)
  from space 15872K, 0% used [0x00000000eb100000,0x00000000eb100000,0x00000000ec080000)
  to   space 15360K, 0% used [0x00000000ea200000,0x00000000ea200000,0x00000000eb100000)
 ParOldGen       total 128000K, used 29214K [0x00000000a0000000, 0x00000000a7d00000, 0x00000000e0000000)
  object space 128000K, 22% used [0x00000000a0000000,0x00000000a1c87a90,0x00000000a7d00000)
 Metaspace       used 63509K, capacity 65616K, committed 65816K, reserved 1105920K
  class space    used 8694K, capacity 9205K, committed 9240K, reserved 1048576K
Event: 8.167 GC heap after
Heap after GC invocations=16 (full 3):
 PSYoungGen      total 181248K, used 15352K [0x00000000e0000000, 0x00000000ee880000, 0x0000000100000000)
  eden space 165888K, 0% used [0x00000000e0000000,0x00000000e0000000,0x00000000ea200000)
  from space 15360K, 99% used [0x00000000ea200000,0x00000000eb0fe148,0x00000000eb100000)
  to   space 17408K, 0% used [0x00000000ed780000,0x00000000ed780000,0x00000000ee880000)
 ParOldGen       total 128000K, used 29326K [0x00000000a0000000, 0x00000000a7d00000, 0x00000000e0000000)
  object space 128000K, 22% used [0x00000000a0000000,0x00000000a1ca39e8,0x00000000a7d00000)
 Metaspace       used 63509K, capacity 65616K, committed 65816K, reserved 1105920K
  class space    used 8694K, capacity 9205K, committed 9240K, reserved 1048576K
}
Event: 9.334 GC heap before
{Heap before GC invocations=17 (full 3):
 PSYoungGen      total 181248K, used 181240K [0x00000000e0000000, 0x00000000ee880000, 0x0000000100000000)
  eden space 165888K, 100% used [0x00000000e0000000,0x00000000ea200000,0x00000000ea200000)
  from space 15360K, 99% used [0x00000000ea200000,0x00000000eb0fe148,0x00000000eb100000)
  to   space 17408K, 0% used [0x00000000ed780000,0x00000000ed780000,0x00000000ee880000)
 ParOldGen       total 128000K, used 29326K [0x00000000a0000000, 0x00000000a7d00000, 0x00000000e0000000)
  object space 128000K, 22% used [0x00000000a0000000,0x00000000a1ca39e8,0x00000000a7d00000)
 Metaspace       used 66936K, capacity 69112K, committed 69272K, reserved 1110016K
  class space    used 9105K, capacity 9600K, committed 9624K, reserved 1048576K
Event: 9.352 GC heap after
Heap after GC invocations=17 (full 3):
 PSYoungGen      total 219136K, used 16035K [0x00000000e0000000, 0x00000000eea00000, 0x0000000100000000)
  eden space 201728K, 0% used [0x00000000e0000000,0x00000000e0000000,0x00000000ec500000)
  from space 17408K, 92% used [0x00000000ed780000,0x00000000ee728f00,0x00000000ee880000)
  to   space 18944K, 0% used [0x00000000ec500000,0x00000000ec500000,0x00000000ed780000)
 ParOldGen       total 128000K, used 41094K [0x00000000a0000000, 0x00000000a7d00000, 0x00000000e0000000)
  object space 128000K, 32% used [0x00000000a0000000,0x00000000a2821b08,0x00000000a7d00000)
 Metaspace       used 66936K, capacity 69112K, committed 69272K, reserved 1110016K
  class space    used 9105K, capacity 9600K, committed 9624K, reserved 1048576K
}
Event: 44.571 GC heap before
{Heap before GC invocations=18 (full 3):
 PSYoungGen      total 219136K, used 217763K [0x00000000e0000000, 0x00000000eea00000, 0x0000000100000000)
  eden space 201728K, 100% used [0x00000000e0000000,0x00000000ec500000,0x00000000ec500000)
  from space 17408K, 92% used [0x00000000ed780000,0x00000000ee728f00,0x00000000ee880000)
  to   space 18944K, 0% used [0x00000000ec500000,0x00000000ec500000,0x00000000ed780000)
 ParOldGen       total 128000K, used 41094K [0x00000000a0000000, 0x00000000a7d00000, 0x00000000e0000000)
  object space 128000K, 32% used [0x00000000a0000000,0x00000000a2821b08,0x00000000a7d00000)
 Metaspace       used 74542K, capacity 77584K, committed 77848K, reserved 1116160K
  class space    used 9866K, capacity 10499K, committed 10520K, reserved 1048576K
Event: 44.592 GC heap after
Heap after GC invocations=18 (full 3):
 PSYoungGen      total 220672K, used 18921K [0x00000000e0000000, 0x00000000f1780000, 0x0000000100000000)
  eden space 201728K, 0% used [0x00000000e0000000,0x00000000e0000000,0x00000000ec500000)
  from space 18944K, 99% used [0x00000000ec500000,0x00000000ed77a658,0x00000000ed780000)
  to   space 24064K, 0% used [0x00000000f0000000,0x00000000f0000000,0x00000000f1780000)
 ParOldGen       total 128000K, used 48158K [0x00000000a0000000, 0x00000000a7d00000, 0x00000000e0000000)
  object space 128000K, 37% used [0x00000000a0000000,0x00000000a2f07a60,0x00000000a7d00000)
 Metaspace       used 74542K, capacity 77584K, committed 77848K, reserved 1116160K
  class space    used 9866K, capacity 10499K, committed 10520K, reserved 1048576K
}

