# JRE version: OpenJDK Runtime Environment (8.0_202-b03) (build 1.8.0_202-release-1483-b03)
# Java VM: OpenJDK 64-Bit Server VM (25.202-b03 mixed mode windows-amd64 compressed oops)
Heap:
 PSYoungGen      total 192512K, used 44171K [0x00000000e0000000, 0x00000000eef00000, 0x0000000100000000)
  eden space 178688K, 24% used [0x00000000e0000000,0x00000000e2b22e08,0x00000000eae80000)
  from space 13824K, 0% used [0x00000000ebb80000,0x00000000ebb80000,0x00000000ec900000)
  to   space 13312K, 0% used [0x00000000eae80000,0x00000000eae80000,0x00000000ebb80000)
 ParOldGen       total 92672K, used 15553K [0x00000000a0000000, 0x00000000a5a80000, 0x00000000e0000000)
  object space 92672K, 16% used [0x00000000a0000000,0x00000000a0f30488,0x00000000a5a80000)
 Metaspace       used 41069K, capacity 41910K, committed 42280K, reserved 1085440K
  class space    used 5580K, capacity 5825K, committed 5928K, reserved 1048576K
GC Heap History (10 events):
Event: 3.794 GC heap before
{Heap before GC invocations=6 (full 1):
 PSYoungGen      total 70656K, used 5091K [0x00000000e0000000, 0x00000000e9700000, 0x0000000100000000)
  eden space 65536K, 0% used [0x00000000e0000000,0x00000000e0000000,0x00000000e4000000)
  from space 5120K, 99% used [0x00000000e4000000,0x00000000e44f8da8,0x00000000e4500000)
  to   space 11776K, 0% used [0x00000000e8b80000,0x00000000e8b80000,0x00000000e9700000)
 ParOldGen       total 86016K, used 10486K [0x00000000a0000000, 0x00000000a5400000, 0x00000000e0000000)
  object space 86016K, 12% used [0x00000000a0000000,0x00000000a0a3da38,0x00000000a5400000)
 Metaspace       used 20659K, capacity 21118K, committed 21296K, reserved 1067008K
  class space    used 2903K, capacity 3087K, committed 3200K, reserved 1048576K
Event: 3.820 GC heap after
Heap after GC invocations=6 (full 1):
 PSYoungGen      total 70656K, used 0K [0x00000000e0000000, 0x00000000e9700000, 0x0000000100000000)
  eden space 65536K, 0% used [0x00000000e0000000,0x00000000e0000000,0x00000000e4000000)
  from space 5120K, 0% used [0x00000000e4000000,0x00000000e4000000,0x00000000e4500000)
  to   space 11776K, 0% used [0x00000000e8b80000,0x00000000e8b80000,0x00000000e9700000)
 ParOldGen       total 61440K, used 10707K [0x00000000a0000000, 0x00000000a3c00000, 0x00000000e0000000)
  object space 61440K, 17% used [0x00000000a0000000,0x00000000a0a74e10,0x00000000a3c00000)
 Metaspace       used 20659K, capacity 21118K, committed 21296K, reserved 1067008K
  class space    used 2903K, capacity 3087K, committed 3200K, reserved 1048576K
}
Event: 4.468 GC heap before
{Heap before GC invocations=7 (full 1):
 PSYoungGen      total 70656K, used 65536K [0x00000000e0000000, 0x00000000e9700000, 0x0000000100000000)
  eden space 65536K, 100% used [0x00000000e0000000,0x00000000e4000000,0x00000000e4000000)
  from space 5120K, 0% used [0x00000000e4000000,0x00000000e4000000,0x00000000e4500000)
  to   space 11776K, 0% used [0x00000000e8b80000,0x00000000e8b80000,0x00000000e9700000)
 ParOldGen       total 61440K, used 10707K [0x00000000a0000000, 0x00000000a3c00000, 0x00000000e0000000)
  object space 61440K, 17% used [0x00000000a0000000,0x00000000a0a74e10,0x00000000a3c00000)
 Metaspace       used 28609K, capacity 29110K, committed 29440K, reserved 1075200K
  class space    used 3851K, capacity 4034K, committed 4096K, reserved 1048576K
Event: 4.476 GC heap after
Heap after GC invocations=7 (full 1):
 PSYoungGen      total 115712K, used 7871K [0x00000000e0000000, 0x00000000e9380000, 0x0000000100000000)
  eden space 107520K, 0% used [0x00000000e0000000,0x00000000e0000000,0x00000000e6900000)
  from space 8192K, 96% used [0x00000000e8b80000,0x00000000e932fde8,0x00000000e9380000)
  to   space 11776K, 0% used [0x00000000e7c80000,0x00000000e7c80000,0x00000000e8800000)
 ParOldGen       total 61440K, used 10715K [0x00000000a0000000, 0x00000000a3c00000, 0x00000000e0000000)
  object space 61440K, 17% used [0x00000000a0000000,0x00000000a0a76e10,0x00000000a3c00000)
 Metaspace       used 28609K, capacity 29110K, committed 29440K, reserved 1075200K
  class space    used 3851K, capacity 4034K, committed 4096K, reserved 1048576K
}
Event: 5.666 GC heap before
{Heap before GC invocations=8 (full 1):
 PSYoungGen      total 115712K, used 115391K [0x00000000e0000000, 0x00000000e9380000, 0x0000000100000000)
  eden space 107520K, 100% used [0x00000000e0000000,0x00000000e6900000,0x00000000e6900000)
  from space 8192K, 96% used [0x00000000e8b80000,0x00000000e932fde8,0x00000000e9380000)
  to   space 11776K, 0% used [0x00000000e7c80000,0x00000000e7c80000,0x00000000e8800000)
 ParOldGen       total 61440K, used 10715K [0x00000000a0000000, 0x00000000a3c00000, 0x00000000e0000000)
  object space 61440K, 17% used [0x00000000a0000000,0x00000000a0a76e10,0x00000000a3c00000)
 Metaspace       used 33924K, capacity 34642K, committed 34944K, reserved 1079296K
  class space    used 4677K, capacity 4890K, committed 4992K, reserved 1048576K
Event: 5.685 GC heap after
Heap after GC invocations=8 (full 1):
 PSYoungGen      total 139264K, used 11758K [0x00000000e0000000, 0x00000000ec900000, 0x0000000100000000)
  eden space 127488K, 0% used [0x00000000e0000000,0x00000000e0000000,0x00000000e7c80000)
  from space 11776K, 99% used [0x00000000e7c80000,0x00000000e87fba30,0x00000000e8800000)
  to   space 13824K, 0% used [0x00000000ebb80000,0x00000000ebb80000,0x00000000ec900000)
 ParOldGen       total 61440K, used 11390K [0x00000000a0000000, 0x00000000a3c00000, 0x00000000e0000000)
  object space 61440K, 18% used [0x00000000a0000000,0x00000000a0b1fbe8,0x00000000a3c00000)
 Metaspace       used 33924K, capacity 34642K, committed 34944K, reserved 1079296K
  class space    used 4677K, capacity 4890K, committed 4992K, reserved 1048576K
}
Event: 6.106 GC heap before
{Heap before GC invocations=9 (full 1):
 PSYoungGen      total 139264K, used 25598K [0x00000000e0000000, 0x00000000ec900000, 0x0000000100000000)
  eden space 127488K, 10% used [0x00000000e0000000,0x00000000e0d83ef0,0x00000000e7c80000)
  from space 11776K, 99% used [0x00000000e7c80000,0x00000000e87fba30,0x00000000e8800000)
  to   space 13824K, 0% used [0x00000000ebb80000,0x00000000ebb80000,0x00000000ec900000)
 ParOldGen       total 61440K, used 11390K [0x00000000a0000000, 0x00000000a3c00000, 0x00000000e0000000)
  object space 61440K, 18% used [0x00000000a0000000,0x00000000a0b1fbe8,0x00000000a3c00000)
 Metaspace       used 34709K, capacity 35420K, committed 35496K, reserved 1079296K
  class space    used 4783K, capacity 5001K, committed 5032K, reserved 1048576K
Event: 6.119 GC heap after
Heap after GC invocations=9 (full 1):
 PSYoungGen      total 192512K, used 8686K [0x00000000e0000000, 0x00000000eef00000, 0x0000000100000000)
  eden space 178688K, 0% used [0x00000000e0000000,0x00000000e0000000,0x00000000eae80000)
  from space 13824K, 62% used [0x00000000ebb80000,0x00000000ec3fbb50,0x00000000ec900000)
  to   space 13312K, 0% used [0x00000000eae80000,0x00000000eae80000,0x00000000ebb80000)
 ParOldGen       total 61440K, used 11398K [0x00000000a0000000, 0x00000000a3c00000, 0x00000000e0000000)
  object space 61440K, 18% used [0x00000000a0000000,0x00000000a0b21be8,0x00000000a3c00000)
 Metaspace       used 34709K, capacity 35420K, committed 35496K, reserved 1079296K
  class space    used 4783K, capacity 5001K, committed 5032K, reserved 1048576K
}
Event: 6.119 GC heap before
{Heap before GC invocations=10 (full 2):
 PSYoungGen      total 192512K, used 8686K [0x00000000e0000000, 0x00000000eef00000, 0x0000000100000000)
  eden space 178688K, 0% used [0x00000000e0000000,0x00000000e0000000,0x00000000eae80000)
  from space 13824K, 62% used [0x00000000ebb80000,0x00000000ec3fbb50,0x00000000ec900000)
  to   space 13312K, 0% used [0x00000000eae80000,0x00000000eae80000,0x00000000ebb80000)
 ParOldGen       total 61440K, used 11398K [0x00000000a0000000, 0x00000000a3c00000, 0x00000000e0000000)
  object space 61440K, 18% used [0x00000000a0000000,0x00000000a0b21be8,0x00000000a3c00000)
 Metaspace       used 34709K, capacity 35420K, committed 35496K, reserved 1079296K
  class space    used 4783K, capacity 5001K, committed 5032K, reserved 1048576K
Event: 6.224 GC heap after
Heap after GC invocations=10 (full 2):
 PSYoungGen      total 192512K, used 0K [0x00000000e0000000, 0x00000000eef00000, 0x0000000100000000)
  eden space 178688K, 0% used [0x00000000e0000000,0x00000000e0000000,0x00000000eae80000)
  from space 13824K, 0% used [0x00000000ebb80000,0x00000000ebb80000,0x00000000ec900000)
  to   space 13312K, 0% used [0x00000000eae80000,0x00000000eae80000,0x00000000ebb80000)
 ParOldGen       total 92672K, used 15553K [0x00000000a0000000, 0x00000000a5a80000, 0x00000000e0000000)
  object space 92672K, 16% used [0x00000000a0000000,0x00000000a0f30488,0x00000000a5a80000)
 Metaspace       used 34684K, capacity 35342K, committed 35496K, reserved 1079296K
  class space    used 4776K, capacity 4988K, committed 5032K, reserved 1048576K
}

