# JRE version: OpenJDK Runtime Environment (8.0_202-b03) (build 1.8.0_202-release-1483-b03)
# Java VM: OpenJDK 64-Bit Server VM (25.202-b03 mixed mode windows-amd64 compressed oops)
Heap:
 PSYoungGen      total 161792K, used 118981K [0x00000000e0000000, 0x00000000ee280000, 0x0000000100000000)
  eden space 147456K, 80% used [0x00000000e0000000,0x00000000e7431478,0x00000000e9000000)
  from space 14336K, 0% used [0x00000000e9000000,0x00000000e9000000,0x00000000e9e00000)
  to   space 15872K, 0% used [0x00000000ed300000,0x00000000ed300000,0x00000000ee280000)
 ParOldGen       total 125952K, used 35010K [0x00000000a0000000, 0x00000000a7b00000, 0x00000000e0000000)
  object space 125952K, 27% used [0x00000000a0000000,0x00000000a2230b58,0x00000000a7b00000)
 Metaspace       used 62061K, capacity 64316K, committed 64536K, reserved 1105920K
  class space    used 8413K, capacity 8909K, committed 9000K, reserved 1048576K
GC Heap History (10 events):
Event: 5.961 GC heap before
{Heap before GC invocations=10 (full 1):
 PSYoungGen      total 118784K, used 61154K [0x00000000e0000000, 0x00000000e7f80000, 0x0000000100000000)
  eden space 109056K, 47% used [0x00000000e0000000,0x00000000e3300938,0x00000000e6a80000)
  from space 9728K, 91% used [0x00000000e7600000,0x00000000e7eb8288,0x00000000e7f80000)
  to   space 10752K, 0% used [0x00000000e6a80000,0x00000000e6a80000,0x00000000e7500000)
 ParOldGen       total 56320K, used 8237K [0x00000000a0000000, 0x00000000a3700000, 0x00000000e0000000)
  object space 56320K, 14% used [0x00000000a0000000,0x00000000a080b758,0x00000000a3700000)
 Metaspace       used 34623K, capacity 35422K, committed 35496K, reserved 1079296K
  class space    used 4777K, capacity 5012K, committed 5032K, reserved 1048576K
Event: 5.969 GC heap after
Heap after GC invocations=10 (full 1):
 PSYoungGen      total 119808K, used 10311K [0x00000000e0000000, 0x00000000ea980000, 0x0000000100000000)
  eden space 109056K, 0% used [0x00000000e0000000,0x00000000e0000000,0x00000000e6a80000)
  from space 10752K, 95% used [0x00000000e6a80000,0x00000000e7491ee8,0x00000000e7500000)
  to   space 11776K, 0% used [0x00000000e9e00000,0x00000000e9e00000,0x00000000ea980000)
 ParOldGen       total 56320K, used 8245K [0x00000000a0000000, 0x00000000a3700000, 0x00000000e0000000)
  object space 56320K, 14% used [0x00000000a0000000,0x00000000a080d758,0x00000000a3700000)
 Metaspace       used 34623K, capacity 35422K, committed 35496K, reserved 1079296K
  class space    used 4777K, capacity 5012K, committed 5032K, reserved 1048576K
}
Event: 5.969 GC heap before
{Heap before GC invocations=11 (full 2):
 PSYoungGen      total 119808K, used 10311K [0x00000000e0000000, 0x00000000ea980000, 0x0000000100000000)
  eden space 109056K, 0% used [0x00000000e0000000,0x00000000e0000000,0x00000000e6a80000)
  from space 10752K, 95% used [0x00000000e6a80000,0x00000000e7491ee8,0x00000000e7500000)
  to   space 11776K, 0% used [0x00000000e9e00000,0x00000000e9e00000,0x00000000ea980000)
 ParOldGen       total 56320K, used 8245K [0x00000000a0000000, 0x00000000a3700000, 0x00000000e0000000)
  object space 56320K, 14% used [0x00000000a0000000,0x00000000a080d758,0x00000000a3700000)
 Metaspace       used 34623K, capacity 35422K, committed 35496K, reserved 1079296K
  class space    used 4777K, capacity 5012K, committed 5032K, reserved 1048576K
Event: 6.006 GC heap after
Heap after GC invocations=11 (full 2):
 PSYoungGen      total 119808K, used 0K [0x00000000e0000000, 0x00000000ea980000, 0x0000000100000000)
  eden space 109056K, 0% used [0x00000000e0000000,0x00000000e0000000,0x00000000e6a80000)
  from space 10752K, 0% used [0x00000000e6a80000,0x00000000e6a80000,0x00000000e7500000)
  to   space 11776K, 0% used [0x00000000e9e00000,0x00000000e9e00000,0x00000000ea980000)
 ParOldGen       total 80896K, used 17158K [0x00000000a0000000, 0x00000000a4f00000, 0x00000000e0000000)
  object space 80896K, 21% used [0x00000000a0000000,0x00000000a10c1998,0x00000000a4f00000)
 Metaspace       used 34580K, capacity 35278K, committed 35496K, reserved 1079296K
  class space    used 4764K, capacity 4988K, committed 5032K, reserved 1048576K
}
Event: 6.902 GC heap before
{Heap before GC invocations=12 (full 2):
 PSYoungGen      total 119808K, used 109056K [0x00000000e0000000, 0x00000000ea980000, 0x0000000100000000)
  eden space 109056K, 100% used [0x00000000e0000000,0x00000000e6a80000,0x00000000e6a80000)
  from space 10752K, 0% used [0x00000000e6a80000,0x00000000e6a80000,0x00000000e7500000)
  to   space 11776K, 0% used [0x00000000e9e00000,0x00000000e9e00000,0x00000000ea980000)
 ParOldGen       total 80896K, used 17158K [0x00000000a0000000, 0x00000000a4f00000, 0x00000000e0000000)
  object space 80896K, 21% used [0x00000000a0000000,0x00000000a10c1998,0x00000000a4f00000)
 Metaspace       used 45204K, capacity 46164K, committed 46504K, reserved 1089536K
  class space    used 6061K, capacity 6311K, committed 6312K, reserved 1048576K
Event: 6.913 GC heap after
Heap after GC invocations=12 (full 2):
 PSYoungGen      total 159232K, used 11767K [0x00000000e0000000, 0x00000000ead80000, 0x0000000100000000)
  eden space 147456K, 0% used [0x00000000e0000000,0x00000000e0000000,0x00000000e9000000)
  from space 11776K, 99% used [0x00000000e9e00000,0x00000000ea97df48,0x00000000ea980000)
  to   space 14336K, 0% used [0x00000000e9000000,0x00000000e9000000,0x00000000e9e00000)
 ParOldGen       total 80896K, used 20078K [0x00000000a0000000, 0x00000000a4f00000, 0x00000000e0000000)
  object space 80896K, 24% used [0x00000000a0000000,0x00000000a139ba50,0x00000000a4f00000)
 Metaspace       used 45204K, capacity 46164K, committed 46504K, reserved 1089536K
  class space    used 6061K, capacity 6311K, committed 6312K, reserved 1048576K
}
Event: 8.351 GC heap before
{Heap before GC invocations=13 (full 2):
 PSYoungGen      total 159232K, used 150947K [0x00000000e0000000, 0x00000000ead80000, 0x0000000100000000)
  eden space 147456K, 94% used [0x00000000e0000000,0x00000000e87eafa0,0x00000000e9000000)
  from space 11776K, 99% used [0x00000000e9e00000,0x00000000ea97df48,0x00000000ea980000)
  to   space 14336K, 0% used [0x00000000e9000000,0x00000000e9000000,0x00000000e9e00000)
 ParOldGen       total 80896K, used 20078K [0x00000000a0000000, 0x00000000a4f00000, 0x00000000e0000000)
  object space 80896K, 24% used [0x00000000a0000000,0x00000000a139ba50,0x00000000a4f00000)
 Metaspace       used 57605K, capacity 59012K, committed 59160K, reserved 1099776K
  class space    used 7770K, capacity 8139K, committed 8232K, reserved 1048576K
Event: 8.370 GC heap after
Heap after GC invocations=13 (full 2):
 PSYoungGen      total 161792K, used 14322K [0x00000000e0000000, 0x00000000ee280000, 0x0000000100000000)
  eden space 147456K, 0% used [0x00000000e0000000,0x00000000e0000000,0x00000000e9000000)
  from space 14336K, 99% used [0x00000000e9000000,0x00000000e9dfca58,0x00000000e9e00000)
  to   space 15872K, 0% used [0x00000000ed300000,0x00000000ed300000,0x00000000ee280000)
 ParOldGen       total 80896K, used 27246K [0x00000000a0000000, 0x00000000a4f00000, 0x00000000e0000000)
  object space 80896K, 33% used [0x00000000a0000000,0x00000000a1a9b848,0x00000000a4f00000)
 Metaspace       used 57605K, capacity 59012K, committed 59160K, reserved 1099776K
  class space    used 7770K, capacity 8139K, committed 8232K, reserved 1048576K
}
Event: 8.370 GC heap before
{Heap before GC invocations=14 (full 3):
 PSYoungGen      total 161792K, used 14322K [0x00000000e0000000, 0x00000000ee280000, 0x0000000100000000)
  eden space 147456K, 0% used [0x00000000e0000000,0x00000000e0000000,0x00000000e9000000)
  from space 14336K, 99% used [0x00000000e9000000,0x00000000e9dfca58,0x00000000e9e00000)
  to   space 15872K, 0% used [0x00000000ed300000,0x00000000ed300000,0x00000000ee280000)
 ParOldGen       total 80896K, used 27246K [0x00000000a0000000, 0x00000000a4f00000, 0x00000000e0000000)
  object space 80896K, 33% used [0x00000000a0000000,0x00000000a1a9b848,0x00000000a4f00000)
 Metaspace       used 57605K, capacity 59012K, committed 59160K, reserved 1099776K
  class space    used 7770K, capacity 8139K, committed 8232K, reserved 1048576K
Event: 8.586 GC heap after
Heap after GC invocations=14 (full 3):
 PSYoungGen      total 161792K, used 0K [0x00000000e0000000, 0x00000000ee280000, 0x0000000100000000)
  eden space 147456K, 0% used [0x00000000e0000000,0x00000000e0000000,0x00000000e9000000)
  from space 14336K, 0% used [0x00000000e9000000,0x00000000e9000000,0x00000000e9e00000)
  to   space 15872K, 0% used [0x00000000ed300000,0x00000000ed300000,0x00000000ee280000)
 ParOldGen       total 125952K, used 35010K [0x00000000a0000000, 0x00000000a7b00000, 0x00000000e0000000)
  object space 125952K, 27% used [0x00000000a0000000,0x00000000a2230b58,0x00000000a7b00000)
 Metaspace       used 57605K, capacity 59012K, committed 59160K, reserved 1099776K
  class space    used 7770K, capacity 8139K, committed 8232K, reserved 1048576K
}

